{
  "/Users/hizukuri/Documents/workspace/Tableau/src/components/DragDropZone.tsx": {
    "path": "/Users/hizukuri/Documents/workspace/Tableau/src/components/DragDropZone.tsx",
    "statementMap": {
      "0": {
        "start": { "line": 10, "column": 21 },
        "end": { "line": 10, "column": 53 }
      },
      "1": {
        "start": { "line": 11, "column": 8 },
        "end": { "line": 11, "column": 49 }
      },
      "2": {
        "start": { "line": 13, "column": 8 },
        "end": { "line": 15, "column": null }
      },
      "3": {
        "start": { "line": 14, "column": 4 },
        "end": { "line": 14, "column": null }
      },
      "4": {
        "start": { "line": 15, "column": 4 },
        "end": { "line": 15, "column": null }
      },
      "5": {
        "start": { "line": 18, "column": 8 },
        "end": { "line": 20, "column": null }
      },
      "6": {
        "start": { "line": 19, "column": 4 },
        "end": { "line": 19, "column": null }
      },
      "7": {
        "start": { "line": 20, "column": 4 },
        "end": { "line": 20, "column": null }
      },
      "8": {
        "start": { "line": 23, "column": 8 },
        "end": { "line": 31, "column": null }
      },
      "9": {
        "start": { "line": 24, "column": 4 },
        "end": { "line": 24, "column": null }
      },
      "10": {
        "start": { "line": 24, "column": 38 },
        "end": { "line": 24, "column": null }
      },
      "11": {
        "start": { "line": 25, "column": 17 },
        "end": { "line": 25, "column": null }
      },
      "12": {
        "start": { "line": 28, "column": 4 },
        "end": { "line": 31, "column": null }
      },
      "13": {
        "start": { "line": 29, "column": 6 },
        "end": { "line": 29, "column": null }
      },
      "14": {
        "start": { "line": 31, "column": 6 },
        "end": { "line": 31, "column": null }
      },
      "15": {
        "start": { "line": 35, "column": 8 },
        "end": { "line": 38, "column": null }
      },
      "16": {
        "start": { "line": 36, "column": 4 },
        "end": { "line": 36, "column": null }
      },
      "17": {
        "start": { "line": 37, "column": 4 },
        "end": { "line": 37, "column": null }
      },
      "18": {
        "start": { "line": 38, "column": 4 },
        "end": { "line": 38, "column": null }
      },
      "19": {
        "start": { "line": 41, "column": 8 },
        "end": { "line": 44, "column": null }
      },
      "20": {
        "start": { "line": 42, "column": 4 },
        "end": { "line": 44, "column": null }
      },
      "21": {
        "start": { "line": 43, "column": 6 },
        "end": { "line": 43, "column": null }
      },
      "22": {
        "start": { "line": 44, "column": 6 },
        "end": { "line": 44, "column": null }
      },
      "23": {
        "start": { "line": 48, "column": 2 },
        "end": { "line": 93, "column": null }
      },
      "24": {
        "start": { "line": 76, "column": 25 },
        "end": { "line": 76, "column": 53 }
      }
    },
    "fnMap": {
      "0": {
        "name": "DragDropZone",
        "decl": {
          "start": { "line": 9, "column": 24 },
          "end": { "line": 9, "column": 37 }
        },
        "loc": {
          "start": { "line": 9, "column": 72 },
          "end": { "line": 93, "column": null }
        },
        "line": 9
      },
      "1": {
        "name": "(anonymous_1)",
        "decl": {
          "start": { "line": 13, "column": 8 },
          "end": { "line": 13, "column": 26 }
        },
        "loc": {
          "start": { "line": 13, "column": 43 },
          "end": { "line": 15, "column": null }
        },
        "line": 13
      },
      "2": {
        "name": "(anonymous_2)",
        "decl": {
          "start": { "line": 18, "column": 8 },
          "end": { "line": 18, "column": 27 }
        },
        "loc": {
          "start": { "line": 18, "column": 44 },
          "end": { "line": 20, "column": null }
        },
        "line": 18
      },
      "3": {
        "name": "(anonymous_3)",
        "decl": {
          "start": { "line": 23, "column": 8 },
          "end": { "line": 23, "column": 24 }
        },
        "loc": {
          "start": { "line": 23, "column": 51 },
          "end": { "line": 31, "column": null }
        },
        "line": 23
      },
      "4": {
        "name": "(anonymous_4)",
        "decl": {
          "start": { "line": 35, "column": 8 },
          "end": { "line": 35, "column": 22 }
        },
        "loc": {
          "start": { "line": 35, "column": 39 },
          "end": { "line": 38, "column": null }
        },
        "line": 35
      },
      "5": {
        "name": "(anonymous_5)",
        "decl": {
          "start": { "line": 41, "column": 8 },
          "end": { "line": 41, "column": 25 }
        },
        "loc": {
          "start": { "line": 41, "column": 46 },
          "end": { "line": 44, "column": null }
        },
        "line": 41
      },
      "6": {
        "name": "(anonymous_6)",
        "decl": {
          "start": { "line": 76, "column": 8 },
          "end": { "line": 76, "column": 19 }
        },
        "loc": {
          "start": { "line": 76, "column": 25 },
          "end": { "line": 76, "column": 53 }
        },
        "line": 76
      }
    },
    "branchMap": {
      "0": {
        "loc": {
          "start": { "line": 24, "column": 4 },
          "end": { "line": 24, "column": null }
        },
        "type": "if",
        "locations": [
          {
            "start": { "line": 24, "column": 4 },
            "end": { "line": 24, "column": null }
          },
          { "start": {}, "end": {} }
        ],
        "line": 24
      },
      "1": {
        "loc": {
          "start": { "line": 24, "column": 8 },
          "end": { "line": 24, "column": 38 }
        },
        "type": "binary-expr",
        "locations": [
          {
            "start": { "line": 24, "column": 8 },
            "end": { "line": 24, "column": 18 }
          },
          {
            "start": { "line": 24, "column": 18 },
            "end": { "line": 24, "column": 38 }
          }
        ],
        "line": 24
      },
      "2": {
        "loc": {
          "start": { "line": 28, "column": 4 },
          "end": { "line": 31, "column": null }
        },
        "type": "if",
        "locations": [
          {
            "start": { "line": 28, "column": 4 },
            "end": { "line": 31, "column": null }
          },
          {
            "start": { "line": 30, "column": 11 },
            "end": { "line": 31, "column": null }
          }
        ],
        "line": 28
      },
      "3": {
        "loc": {
          "start": { "line": 28, "column": 8 },
          "end": { "line": 28, "column": 65 }
        },
        "type": "binary-expr",
        "locations": [
          {
            "start": { "line": 28, "column": 8 },
            "end": { "line": 28, "column": 35 }
          },
          {
            "start": { "line": 28, "column": 39 },
            "end": { "line": 28, "column": 65 }
          }
        ],
        "line": 28
      },
      "4": {
        "loc": {
          "start": { "line": 42, "column": 4 },
          "end": { "line": 44, "column": null }
        },
        "type": "if",
        "locations": [
          {
            "start": { "line": 42, "column": 4 },
            "end": { "line": 44, "column": null }
          },
          { "start": {}, "end": {} }
        ],
        "line": 42
      },
      "5": {
        "loc": {
          "start": { "line": 42, "column": 8 },
          "end": { "line": 42, "column": 44 }
        },
        "type": "binary-expr",
        "locations": [
          {
            "start": { "line": 42, "column": 8 },
            "end": { "line": 42, "column": 29 }
          },
          {
            "start": { "line": 42, "column": 29 },
            "end": { "line": 42, "column": 44 }
          }
        ],
        "line": 42
      },
      "6": {
        "loc": {
          "start": { "line": 64, "column": 10 },
          "end": { "line": 66, "column": null }
        },
        "type": "cond-expr",
        "locations": [
          {
            "start": { "line": 65, "column": 14 },
            "end": { "line": 65, "column": null }
          },
          {
            "start": { "line": 66, "column": 14 },
            "end": { "line": 66, "column": null }
          }
        ],
        "line": 64
      },
      "7": {
        "loc": {
          "start": { "line": 82, "column": 70 },
          "end": { "line": 82, "column": null }
        },
        "type": "cond-expr",
        "locations": [
          {
            "start": { "line": 82, "column": 83 },
            "end": { "line": 82, "column": 99 }
          },
          {
            "start": { "line": 82, "column": 99 },
            "end": { "line": 82, "column": null }
          }
        ],
        "line": 82
      },
      "8": {
        "loc": {
          "start": { "line": 85, "column": 65 },
          "end": { "line": 85, "column": null }
        },
        "type": "cond-expr",
        "locations": [
          {
            "start": { "line": 85, "column": 78 },
            "end": { "line": 85, "column": 96 }
          },
          {
            "start": { "line": 85, "column": 96 },
            "end": { "line": 85, "column": null }
          }
        ],
        "line": 85
      }
    },
    "s": {
      "0": 7,
      "1": 7,
      "2": 7,
      "3": 1,
      "4": 1,
      "5": 7,
      "6": 1,
      "7": 1,
      "8": 7,
      "9": 3,
      "10": 0,
      "11": 3,
      "12": 3,
      "13": 2,
      "14": 1,
      "15": 7,
      "16": 2,
      "17": 2,
      "18": 2,
      "19": 7,
      "20": 0,
      "21": 0,
      "22": 0,
      "23": 7,
      "24": 1
    },
    "f": { "0": 7, "1": 1, "2": 1, "3": 3, "4": 2, "5": 0, "6": 1 },
    "b": {
      "0": [0, 3],
      "1": [3, 3],
      "2": [2, 1],
      "3": [3, 1],
      "4": [0, 0],
      "5": [0, 0],
      "6": [1, 6],
      "7": [1, 6],
      "8": [1, 6]
    },
    "meta": {
      "lastBranch": 9,
      "lastFunction": 7,
      "lastStatement": 25,
      "seen": {
        "f:9:24:9:37": 0,
        "s:10:21:10:53": 0,
        "s:11:8:11:49": 1,
        "s:13:8:15:Infinity": 2,
        "f:13:8:13:26": 1,
        "s:14:4:14:Infinity": 3,
        "s:15:4:15:Infinity": 4,
        "s:18:8:20:Infinity": 5,
        "f:18:8:18:27": 2,
        "s:19:4:19:Infinity": 6,
        "s:20:4:20:Infinity": 7,
        "s:23:8:31:Infinity": 8,
        "f:23:8:23:24": 3,
        "b:24:4:24:Infinity:undefined:undefined:undefined:undefined": 0,
        "s:24:4:24:Infinity": 9,
        "b:24:8:24:18:24:18:24:38": 1,
        "s:24:38:24:Infinity": 10,
        "s:25:17:25:Infinity": 11,
        "b:28:4:31:Infinity:30:11:31:Infinity": 2,
        "s:28:4:31:Infinity": 12,
        "b:28:8:28:35:28:39:28:65": 3,
        "s:29:6:29:Infinity": 13,
        "s:31:6:31:Infinity": 14,
        "s:35:8:38:Infinity": 15,
        "f:35:8:35:22": 4,
        "s:36:4:36:Infinity": 16,
        "s:37:4:37:Infinity": 17,
        "s:38:4:38:Infinity": 18,
        "s:41:8:44:Infinity": 19,
        "f:41:8:41:25": 5,
        "b:42:4:44:Infinity:undefined:undefined:undefined:undefined": 4,
        "s:42:4:44:Infinity": 20,
        "b:42:8:42:29:42:29:42:44": 5,
        "s:43:6:43:Infinity": 21,
        "s:44:6:44:Infinity": 22,
        "s:48:2:93:Infinity": 23,
        "b:65:14:65:Infinity:66:14:66:Infinity": 6,
        "f:76:8:76:19": 6,
        "s:76:25:76:53": 24,
        "b:82:83:82:99:82:99:82:Infinity": 7,
        "b:85:78:85:96:85:96:85:Infinity": 8
      }
    }
  },
  "/Users/hizukuri/Documents/workspace/Tableau/src/locales/en.json": {
    "path": "/Users/hizukuri/Documents/workspace/Tableau/src/locales/en.json",
    "statementMap": {
      "0": {
        "start": { "line": 1, "column": 19 },
        "end": { "line": 1, "column": 249 }
      },
      "1": {
        "start": { "line": 2, "column": 22 },
        "end": { "line": 2, "column": 155 }
      },
      "2": {
        "start": { "line": 3, "column": 22 },
        "end": { "line": 3, "column": 56 }
      },
      "3": {
        "start": { "line": 4, "column": 24 },
        "end": { "line": 4, "column": 295 }
      },
      "4": {
        "start": { "line": 5, "column": 22 },
        "end": { "line": 5, "column": 122 }
      },
      "5": {
        "start": { "line": 6, "column": 21 },
        "end": { "line": 6, "column": 103 }
      },
      "6": {
        "start": { "line": 7, "column": 19 },
        "end": { "line": 7, "column": 131 }
      },
      "7": {
        "start": { "line": 8, "column": 22 },
        "end": { "line": 8, "column": 732 }
      },
      "8": {
        "start": { "line": 9, "column": 19 },
        "end": { "line": 9, "column": 132 }
      },
      "9": {
        "start": { "line": 10, "column": 20 },
        "end": { "line": 10, "column": 235 }
      },
      "10": {
        "start": { "line": 11, "column": 21 },
        "end": { "line": 11, "column": 890 }
      },
      "11": {
        "start": { "line": 12, "column": 24 },
        "end": { "line": 12, "column": 128 }
      },
      "12": {
        "start": { "line": 13, "column": 21 },
        "end": { "line": 13, "column": 1139 }
      },
      "13": {
        "start": { "line": 14, "column": 22 },
        "end": { "line": 14, "column": 371 }
      },
      "14": {
        "start": { "line": 15, "column": 22 },
        "end": { "line": 15, "column": 343 }
      }
    },
    "fnMap": {},
    "branchMap": {},
    "s": {
      "0": 2,
      "1": 2,
      "2": 2,
      "3": 2,
      "4": 2,
      "5": 2,
      "6": 2,
      "7": 2,
      "8": 2,
      "9": 2,
      "10": 2,
      "11": 2,
      "12": 2,
      "13": 2,
      "14": 2
    },
    "f": {},
    "b": {},
    "meta": {
      "lastBranch": 0,
      "lastFunction": 0,
      "lastStatement": 15,
      "seen": {
        "s:1:19:1:249": 0,
        "s:2:22:2:155": 1,
        "s:3:22:3:56": 2,
        "s:4:24:4:295": 3,
        "s:5:22:5:122": 4,
        "s:6:21:6:103": 5,
        "s:7:19:7:131": 6,
        "s:8:22:8:732": 7,
        "s:9:19:9:132": 8,
        "s:10:20:10:235": 9,
        "s:11:21:11:890": 10,
        "s:12:24:12:128": 11,
        "s:13:21:13:1139": 12,
        "s:14:22:14:371": 13,
        "s:15:22:15:343": 14
      }
    }
  },
  "/Users/hizukuri/Documents/workspace/Tableau/src/locales/ja.json": {
    "path": "/Users/hizukuri/Documents/workspace/Tableau/src/locales/ja.json",
    "statementMap": {
      "0": {
        "start": { "line": 1, "column": 19 },
        "end": { "line": 1, "column": 178 }
      },
      "1": {
        "start": { "line": 2, "column": 22 },
        "end": { "line": 2, "column": 137 }
      },
      "2": {
        "start": { "line": 3, "column": 22 },
        "end": { "line": 3, "column": 53 }
      },
      "3": {
        "start": { "line": 4, "column": 24 },
        "end": { "line": 4, "column": 206 }
      },
      "4": {
        "start": { "line": 5, "column": 22 },
        "end": { "line": 5, "column": 95 }
      },
      "5": {
        "start": { "line": 6, "column": 21 },
        "end": { "line": 6, "column": 75 }
      },
      "6": {
        "start": { "line": 7, "column": 19 },
        "end": { "line": 7, "column": 115 }
      },
      "7": {
        "start": { "line": 8, "column": 22 },
        "end": { "line": 8, "column": 616 }
      },
      "8": {
        "start": { "line": 9, "column": 19 },
        "end": { "line": 9, "column": 129 }
      },
      "9": {
        "start": { "line": 10, "column": 20 },
        "end": { "line": 10, "column": 201 }
      },
      "10": {
        "start": { "line": 11, "column": 21 },
        "end": { "line": 11, "column": 625 }
      },
      "11": {
        "start": { "line": 12, "column": 24 },
        "end": { "line": 12, "column": 117 }
      },
      "12": {
        "start": { "line": 13, "column": 21 },
        "end": { "line": 13, "column": 959 }
      },
      "13": {
        "start": { "line": 14, "column": 22 },
        "end": { "line": 14, "column": 306 }
      },
      "14": {
        "start": { "line": 15, "column": 22 },
        "end": { "line": 15, "column": 256 }
      }
    },
    "fnMap": {},
    "branchMap": {},
    "s": {
      "0": 2,
      "1": 2,
      "2": 2,
      "3": 2,
      "4": 2,
      "5": 2,
      "6": 2,
      "7": 2,
      "8": 2,
      "9": 2,
      "10": 2,
      "11": 2,
      "12": 2,
      "13": 2,
      "14": 2
    },
    "f": {},
    "b": {},
    "meta": {
      "lastBranch": 0,
      "lastFunction": 0,
      "lastStatement": 15,
      "seen": {
        "s:1:19:1:178": 0,
        "s:2:22:2:137": 1,
        "s:3:22:3:53": 2,
        "s:4:24:4:206": 3,
        "s:5:22:5:95": 4,
        "s:6:21:6:75": 5,
        "s:7:19:7:115": 6,
        "s:8:22:8:616": 7,
        "s:9:19:9:129": 8,
        "s:10:20:10:201": 9,
        "s:11:21:11:625": 10,
        "s:12:24:12:117": 11,
        "s:13:21:13:959": 12,
        "s:14:22:14:306": 13,
        "s:15:22:15:256": 14
      }
    }
  },
  "/Users/hizukuri/Documents/workspace/Tableau/src/utils/graphBuilder.ts": {
    "path": "/Users/hizukuri/Documents/workspace/Tableau/src/utils/graphBuilder.ts",
    "statementMap": {
      "0": {
        "start": { "line": 4, "column": 20 },
        "end": { "line": 4, "column": null }
      },
      "1": {
        "start": { "line": 5, "column": 20 },
        "end": { "line": 5, "column": null }
      },
      "2": {
        "start": { "line": 6, "column": 16 },
        "end": { "line": 6, "column": null }
      },
      "3": {
        "start": { "line": 7, "column": 21 },
        "end": { "line": 7, "column": null }
      },
      "4": {
        "start": { "line": 8, "column": 15 },
        "end": { "line": 8, "column": null }
      },
      "5": {
        "start": { "line": 11, "column": 24 },
        "end": { "line": 11, "column": 26 }
      },
      "6": {
        "start": { "line": 12, "column": 24 },
        "end": { "line": 12, "column": 26 }
      },
      "7": {
        "start": { "line": 14, "column": 14 },
        "end": { "line": 14, "column": null }
      },
      "8": {
        "start": { "line": 15, "column": 15 },
        "end": { "line": 15, "column": null }
      },
      "9": {
        "start": { "line": 16, "column": 15 },
        "end": { "line": 16, "column": null }
      },
      "10": {
        "start": { "line": 17, "column": 12 },
        "end": { "line": 17, "column": null }
      },
      "11": {
        "start": { "line": 22, "column": 2 },
        "end": { "line": 48, "column": null }
      },
      "12": {
        "start": { "line": 23, "column": 15 },
        "end": { "line": 23, "column": null }
      },
      "13": {
        "start": { "line": 24, "column": 4 },
        "end": { "line": 34, "column": null }
      },
      "14": {
        "start": { "line": 35, "column": 4 },
        "end": { "line": 35, "column": null }
      },
      "15": {
        "start": { "line": 38, "column": 4 },
        "end": { "line": 47, "column": null }
      },
      "16": {
        "start": { "line": 39, "column": 6 },
        "end": { "line": 46, "column": null }
      },
      "17": {
        "start": { "line": 53, "column": 2 },
        "end": { "line": 78, "column": null }
      },
      "18": {
        "start": { "line": 54, "column": 15 },
        "end": { "line": 54, "column": null }
      },
      "19": {
        "start": { "line": 55, "column": 4 },
        "end": { "line": 65, "column": null }
      },
      "20": {
        "start": { "line": 66, "column": 4 },
        "end": { "line": 66, "column": null }
      },
      "21": {
        "start": { "line": 69, "column": 4 },
        "end": { "line": 77, "column": null }
      },
      "22": {
        "start": { "line": 70, "column": 6 },
        "end": { "line": 76, "column": null }
      },
      "23": {
        "start": { "line": 83, "column": 2 },
        "end": { "line": 126, "column": null }
      },
      "24": {
        "start": { "line": 84, "column": 17 },
        "end": { "line": 84, "column": null }
      },
      "25": {
        "start": { "line": 85, "column": 4 },
        "end": { "line": 95, "column": null }
      },
      "26": {
        "start": { "line": 96, "column": 4 },
        "end": { "line": 96, "column": null }
      },
      "27": {
        "start": { "line": 98, "column": 4 },
        "end": { "line": 125, "column": null }
      },
      "28": {
        "start": { "line": 99, "column": 22 },
        "end": { "line": 99, "column": null }
      },
      "29": {
        "start": { "line": 102, "column": 6 },
        "end": { "line": 114, "column": null }
      },
      "30": {
        "start": { "line": 102, "column": 29 },
        "end": { "line": 102, "column": 46 }
      },
      "31": {
        "start": { "line": 103, "column": 8 },
        "end": { "line": 113, "column": null }
      },
      "32": {
        "start": { "line": 114, "column": 8 },
        "end": { "line": 114, "column": null }
      },
      "33": {
        "start": { "line": 118, "column": 6 },
        "end": { "line": 124, "column": null }
      },
      "34": {
        "start": { "line": 128, "column": 2 },
        "end": { "line": 128, "column": null }
      }
    },
    "fnMap": {
      "0": {
        "name": "buildGraphData",
        "decl": {
          "start": { "line": 10, "column": 16 },
          "end": { "line": 10, "column": 31 }
        },
        "loc": {
          "start": { "line": 10, "column": 87 },
          "end": { "line": 128, "column": null }
        },
        "line": 10
      },
      "1": {
        "name": "(anonymous_1)",
        "decl": {
          "start": { "line": 22, "column": 17 },
          "end": { "line": 22, "column": 26 }
        },
        "loc": {
          "start": { "line": 22, "column": 33 },
          "end": { "line": 48, "column": null }
        },
        "line": 22
      },
      "2": {
        "name": "(anonymous_2)",
        "decl": {
          "start": { "line": 38, "column": 18 },
          "end": { "line": 38, "column": 27 }
        },
        "loc": {
          "start": { "line": 38, "column": 38 },
          "end": { "line": 47, "column": null }
        },
        "line": 38
      },
      "3": {
        "name": "(anonymous_3)",
        "decl": {
          "start": { "line": 53, "column": 17 },
          "end": { "line": 53, "column": 26 }
        },
        "loc": {
          "start": { "line": 53, "column": 33 },
          "end": { "line": 78, "column": null }
        },
        "line": 53
      },
      "4": {
        "name": "(anonymous_4)",
        "decl": {
          "start": { "line": 69, "column": 20 },
          "end": { "line": 69, "column": 29 }
        },
        "loc": {
          "start": { "line": 69, "column": 41 },
          "end": { "line": 77, "column": null }
        },
        "line": 69
      },
      "5": {
        "name": "(anonymous_5)",
        "decl": {
          "start": { "line": 83, "column": 18 },
          "end": { "line": 83, "column": 27 }
        },
        "loc": {
          "start": { "line": 83, "column": 34 },
          "end": { "line": 126, "column": null }
        },
        "line": 83
      },
      "6": {
        "name": "(anonymous_6)",
        "decl": {
          "start": { "line": 98, "column": 14 },
          "end": { "line": 98, "column": 23 }
        },
        "loc": {
          "start": { "line": 98, "column": 33 },
          "end": { "line": 125, "column": null }
        },
        "line": 98
      },
      "7": {
        "name": "(anonymous_7)",
        "decl": {
          "start": { "line": 102, "column": 17 },
          "end": { "line": 102, "column": 23 }
        },
        "loc": {
          "start": { "line": 102, "column": 29 },
          "end": { "line": 102, "column": 46 }
        },
        "line": 102
      }
    },
    "branchMap": {
      "0": {
        "loc": {
          "start": { "line": 28, "column": 21 },
          "end": { "line": 28, "column": null }
        },
        "type": "binary-expr",
        "locations": [
          {
            "start": { "line": 28, "column": 21 },
            "end": { "line": 28, "column": 35 }
          },
          {
            "start": { "line": 28, "column": 35 },
            "end": { "line": 28, "column": null }
          }
        ],
        "line": 28
      },
      "1": {
        "loc": {
          "start": { "line": 59, "column": 21 },
          "end": { "line": 59, "column": null }
        },
        "type": "binary-expr",
        "locations": [
          {
            "start": { "line": 59, "column": 21 },
            "end": { "line": 59, "column": 35 }
          },
          {
            "start": { "line": 59, "column": 35 },
            "end": { "line": 59, "column": null }
          }
        ],
        "line": 59
      },
      "2": {
        "loc": {
          "start": { "line": 89, "column": 22 },
          "end": { "line": 89, "column": null }
        },
        "type": "binary-expr",
        "locations": [
          {
            "start": { "line": 89, "column": 22 },
            "end": { "line": 89, "column": 36 }
          },
          {
            "start": { "line": 89, "column": 36 },
            "end": { "line": 89, "column": null }
          }
        ],
        "line": 89
      },
      "3": {
        "loc": {
          "start": { "line": 102, "column": 6 },
          "end": { "line": 114, "column": null }
        },
        "type": "if",
        "locations": [
          {
            "start": { "line": 102, "column": 6 },
            "end": { "line": 114, "column": null }
          },
          { "start": {}, "end": {} }
        ],
        "line": 102
      },
      "4": {
        "loc": {
          "start": { "line": 107, "column": 22 },
          "end": { "line": 107, "column": 51 }
        },
        "type": "cond-expr",
        "locations": [
          {
            "start": { "line": 107, "column": 38 },
            "end": { "line": 107, "column": 47 }
          },
          {
            "start": { "line": 107, "column": 47 },
            "end": { "line": 107, "column": 51 }
          }
        ],
        "line": 107
      },
      "5": {
        "loc": {
          "start": { "line": 107, "column": 54 },
          "end": { "line": 107, "column": null }
        },
        "type": "binary-expr",
        "locations": [
          {
            "start": { "line": 107, "column": 54 },
            "end": { "line": 107, "column": 71 }
          },
          {
            "start": { "line": 107, "column": 71 },
            "end": { "line": 107, "column": null }
          }
        ],
        "line": 107
      },
      "6": {
        "loc": {
          "start": { "line": 111, "column": 36 },
          "end": { "line": 111, "column": null }
        },
        "type": "cond-expr",
        "locations": [
          {
            "start": { "line": 111, "column": 52 },
            "end": { "line": 111, "column": 72 }
          },
          {
            "start": { "line": 111, "column": 72 },
            "end": { "line": 111, "column": null }
          }
        ],
        "line": 111
      }
    },
    "s": {
      "0": 1,
      "1": 1,
      "2": 1,
      "3": 1,
      "4": 1,
      "5": 1,
      "6": 1,
      "7": 1,
      "8": 1,
      "9": 1,
      "10": 1,
      "11": 1,
      "12": 2,
      "13": 2,
      "14": 2,
      "15": 2,
      "16": 2,
      "17": 1,
      "18": 2,
      "19": 2,
      "20": 2,
      "21": 2,
      "22": 2,
      "23": 1,
      "24": 2,
      "25": 2,
      "26": 2,
      "27": 2,
      "28": 3,
      "29": 3,
      "30": 17,
      "31": 2,
      "32": 2,
      "33": 3,
      "34": 1
    },
    "f": { "0": 1, "1": 2, "2": 2, "3": 2, "4": 2, "5": 2, "6": 3, "7": 17 },
    "b": {
      "0": [2, 1],
      "1": [2, 1],
      "2": [2, 1],
      "3": [2, 1],
      "4": [1, 1],
      "5": [2, 2],
      "6": [1, 1]
    },
    "meta": {
      "lastBranch": 7,
      "lastFunction": 8,
      "lastStatement": 35,
      "seen": {
        "s:4:20:4:Infinity": 0,
        "s:5:20:5:Infinity": 1,
        "s:6:16:6:Infinity": 2,
        "s:7:21:7:Infinity": 3,
        "s:8:15:8:Infinity": 4,
        "f:10:16:10:31": 0,
        "s:11:24:11:26": 5,
        "s:12:24:12:26": 6,
        "s:14:14:14:Infinity": 7,
        "s:15:15:15:Infinity": 8,
        "s:16:15:16:Infinity": 9,
        "s:17:12:17:Infinity": 10,
        "s:22:2:48:Infinity": 11,
        "f:22:17:22:26": 1,
        "s:23:15:23:Infinity": 12,
        "s:24:4:34:Infinity": 13,
        "b:28:21:28:35:28:35:28:Infinity": 0,
        "s:35:4:35:Infinity": 14,
        "s:38:4:47:Infinity": 15,
        "f:38:18:38:27": 2,
        "s:39:6:46:Infinity": 16,
        "s:53:2:78:Infinity": 17,
        "f:53:17:53:26": 3,
        "s:54:15:54:Infinity": 18,
        "s:55:4:65:Infinity": 19,
        "b:59:21:59:35:59:35:59:Infinity": 1,
        "s:66:4:66:Infinity": 20,
        "s:69:4:77:Infinity": 21,
        "f:69:20:69:29": 4,
        "s:70:6:76:Infinity": 22,
        "s:83:2:126:Infinity": 23,
        "f:83:18:83:27": 5,
        "s:84:17:84:Infinity": 24,
        "s:85:4:95:Infinity": 25,
        "b:89:22:89:36:89:36:89:Infinity": 2,
        "s:96:4:96:Infinity": 26,
        "s:98:4:125:Infinity": 27,
        "f:98:14:98:23": 6,
        "s:99:22:99:Infinity": 28,
        "b:102:6:114:Infinity:undefined:undefined:undefined:undefined": 3,
        "s:102:6:114:Infinity": 29,
        "f:102:17:102:23": 7,
        "s:102:29:102:46": 30,
        "s:103:8:113:Infinity": 31,
        "b:107:38:107:47:107:47:107:51": 4,
        "b:107:54:107:71:107:71:107:Infinity": 5,
        "b:111:52:111:72:111:72:111:Infinity": 6,
        "s:114:8:114:Infinity": 32,
        "s:118:6:124:Infinity": 33,
        "s:128:2:128:Infinity": 34
      }
    }
  },
  "/Users/hizukuri/Documents/workspace/Tableau/src/utils/i18n.ts": {
    "path": "/Users/hizukuri/Documents/workspace/Tableau/src/utils/i18n.ts",
    "statementMap": {
      "0": {
        "start": { "line": 4, "column": 28 },
        "end": { "line": 4, "column": null }
      },
      "1": {
        "start": { "line": 30, "column": 28 },
        "end": { "line": 30, "column": null }
      },
      "2": {
        "start": { "line": 37, "column": 13 },
        "end": { "line": 65, "column": null }
      },
      "3": {
        "start": { "line": 41, "column": 15 },
        "end": { "line": 41, "column": 29 }
      },
      "4": {
        "start": { "line": 43, "column": 23 },
        "end": { "line": 43, "column": null }
      },
      "5": {
        "start": { "line": 45, "column": 2 },
        "end": { "line": 49, "column": null }
      },
      "6": {
        "start": { "line": 46, "column": 4 },
        "end": { "line": 49, "column": null }
      },
      "7": {
        "start": { "line": 47, "column": 6 },
        "end": { "line": 47, "column": null }
      },
      "8": {
        "start": { "line": 49, "column": 6 },
        "end": { "line": 49, "column": null }
      },
      "9": {
        "start": { "line": 53, "column": 2 },
        "end": { "line": 53, "column": null }
      },
      "10": {
        "start": { "line": 53, "column": 33 },
        "end": { "line": 53, "column": null }
      },
      "11": {
        "start": { "line": 55, "column": 2 },
        "end": { "line": 62, "column": null }
      },
      "12": {
        "start": { "line": 56, "column": 17 },
        "end": { "line": 56, "column": null }
      },
      "13": {
        "start": { "line": 57, "column": 4 },
        "end": { "line": 60, "column": null }
      },
      "14": {
        "start": { "line": 59, "column": 26 },
        "end": { "line": 59, "column": null }
      },
      "15": {
        "start": { "line": 60, "column": 6 },
        "end": { "line": 60, "column": null }
      },
      "16": {
        "start": { "line": 62, "column": 4 },
        "end": { "line": 62, "column": null }
      },
      "17": {
        "start": { "line": 65, "column": 2 },
        "end": { "line": 65, "column": null }
      },
      "18": {
        "start": { "line": 68, "column": 13 },
        "end": { "line": 69, "column": null }
      },
      "19": {
        "start": { "line": 69, "column": 2 },
        "end": { "line": 69, "column": null }
      },
      "20": {
        "start": { "line": 72, "column": 13 },
        "end": { "line": 72, "column": null }
      },
      "21": {
        "start": { "line": 72, "column": 33 },
        "end": { "line": 72, "column": null }
      },
      "22": {
        "start": { "line": 75, "column": 13 },
        "end": { "line": 80, "column": null }
      },
      "23": {
        "start": { "line": 76, "column": 8 },
        "end": { "line": 76, "column": 63 }
      },
      "24": {
        "start": { "line": 77, "column": 14 },
        "end": { "line": 77, "column": null }
      },
      "25": {
        "start": { "line": 78, "column": 17 },
        "end": { "line": 78, "column": 23 }
      },
      "26": {
        "start": { "line": 80, "column": 2 },
        "end": { "line": 80, "column": null }
      },
      "27": {
        "start": { "line": 84, "column": 13 },
        "end": { "line": 87, "column": null }
      },
      "28": {
        "start": { "line": 85, "column": 14 },
        "end": { "line": 85, "column": null }
      },
      "29": {
        "start": { "line": 86, "column": 17 },
        "end": { "line": 86, "column": 23 }
      },
      "30": {
        "start": { "line": 87, "column": 2 },
        "end": { "line": 87, "column": null }
      }
    },
    "fnMap": {
      "0": {
        "name": "(anonymous_0)",
        "decl": {
          "start": { "line": 37, "column": 13 },
          "end": { "line": 37, "column": null }
        },
        "loc": {
          "start": { "line": 40, "column": 13 },
          "end": { "line": 65, "column": null }
        },
        "line": 40
      },
      "1": {
        "name": "(anonymous_1)",
        "decl": {
          "start": { "line": 68, "column": 13 },
          "end": { "line": 68, "column": 28 }
        },
        "loc": {
          "start": { "line": 68, "column": 47 },
          "end": { "line": 69, "column": null }
        },
        "line": 68
      },
      "2": {
        "name": "(anonymous_2)",
        "decl": {
          "start": { "line": 72, "column": 13 },
          "end": { "line": 72, "column": 33 }
        },
        "loc": {
          "start": { "line": 72, "column": 33 },
          "end": { "line": 72, "column": null }
        },
        "line": 72
      },
      "3": {
        "name": "(anonymous_3)",
        "decl": {
          "start": { "line": 75, "column": 13 },
          "end": { "line": 75, "column": 22 }
        },
        "loc": {
          "start": { "line": 75, "column": 67 },
          "end": { "line": 80, "column": null }
        },
        "line": 75
      },
      "4": {
        "name": "(anonymous_4)",
        "decl": {
          "start": { "line": 84, "column": 13 },
          "end": { "line": 84, "column": 21 }
        },
        "loc": {
          "start": { "line": 84, "column": 45 },
          "end": { "line": 87, "column": null }
        },
        "line": 84
      }
    },
    "branchMap": {
      "0": {
        "loc": {
          "start": { "line": 43, "column": 23 },
          "end": { "line": 43, "column": null }
        },
        "type": "cond-expr",
        "locations": [
          {
            "start": { "line": 43, "column": 46 },
            "end": { "line": 43, "column": 64 }
          },
          {
            "start": { "line": 43, "column": 64 },
            "end": { "line": 43, "column": null }
          }
        ],
        "line": 43
      },
      "1": {
        "loc": {
          "start": { "line": 46, "column": 4 },
          "end": { "line": 49, "column": null }
        },
        "type": "if",
        "locations": [
          {
            "start": { "line": 46, "column": 4 },
            "end": { "line": 49, "column": null }
          },
          {
            "start": { "line": 48, "column": 11 },
            "end": { "line": 49, "column": null }
          }
        ],
        "line": 46
      },
      "2": {
        "loc": {
          "start": { "line": 46, "column": 8 },
          "end": { "line": 46, "column": 70 }
        },
        "type": "binary-expr",
        "locations": [
          {
            "start": { "line": 46, "column": 8 },
            "end": { "line": 46, "column": 17 }
          },
          {
            "start": { "line": 46, "column": 17 },
            "end": { "line": 46, "column": 46 }
          },
          {
            "start": { "line": 46, "column": 46 },
            "end": { "line": 46, "column": 70 }
          }
        ],
        "line": 46
      },
      "3": {
        "loc": {
          "start": { "line": 53, "column": 2 },
          "end": { "line": 53, "column": null }
        },
        "type": "if",
        "locations": [
          {
            "start": { "line": 53, "column": 2 },
            "end": { "line": 53, "column": null }
          },
          { "start": {}, "end": {} }
        ],
        "line": 53
      },
      "4": {
        "loc": {
          "start": { "line": 55, "column": 2 },
          "end": { "line": 62, "column": null }
        },
        "type": "if",
        "locations": [
          {
            "start": { "line": 55, "column": 2 },
            "end": { "line": 62, "column": null }
          },
          { "start": {}, "end": {} }
        ],
        "line": 55
      },
      "5": {
        "loc": {
          "start": { "line": 76, "column": 21 },
          "end": { "line": 76, "column": 50 }
        },
        "type": "binary-expr",
        "locations": [
          {
            "start": { "line": 76, "column": 21 },
            "end": { "line": 76, "column": 37 }
          },
          {
            "start": { "line": 76, "column": 37 },
            "end": { "line": 76, "column": 50 }
          }
        ],
        "line": 76
      },
      "6": {
        "loc": {
          "start": { "line": 80, "column": 9 },
          "end": { "line": 80, "column": null }
        },
        "type": "cond-expr",
        "locations": [
          {
            "start": { "line": 80, "column": 26 },
            "end": { "line": 80, "column": 38 }
          },
          {
            "start": { "line": 80, "column": 38 },
            "end": { "line": 80, "column": null }
          }
        ],
        "line": 80
      },
      "7": {
        "loc": {
          "start": { "line": 87, "column": 9 },
          "end": { "line": 87, "column": null }
        },
        "type": "cond-expr",
        "locations": [
          {
            "start": { "line": 87, "column": 26 },
            "end": { "line": 87, "column": 32 }
          },
          {
            "start": { "line": 87, "column": 32 },
            "end": { "line": 87, "column": null }
          }
        ],
        "line": 87
      }
    },
    "s": {
      "0": 2,
      "1": 2,
      "2": 2,
      "3": 31,
      "4": 31,
      "5": 31,
      "6": 60,
      "7": 57,
      "8": 3,
      "9": 28,
      "10": 1,
      "11": 27,
      "12": 1,
      "13": 1,
      "14": 1,
      "15": 1,
      "16": 1,
      "17": 26,
      "18": 2,
      "19": 10,
      "20": 2,
      "21": 2,
      "22": 2,
      "23": 3,
      "24": 3,
      "25": 3,
      "26": 3,
      "27": 2,
      "28": 3,
      "29": 3,
      "30": 3
    },
    "f": { "0": 31, "1": 10, "2": 2, "3": 3, "4": 3 },
    "b": {
      "0": [31, 0],
      "1": [57, 3],
      "2": [60, 60, 60],
      "3": [1, 27],
      "4": [1, 26],
      "5": [3, 1],
      "6": [1, 2],
      "7": [1, 2]
    },
    "meta": {
      "lastBranch": 8,
      "lastFunction": 5,
      "lastStatement": 31,
      "seen": {
        "s:4:28:4:Infinity": 0,
        "s:30:28:30:Infinity": 1,
        "s:37:13:65:Infinity": 2,
        "f:37:13:37:Infinity": 0,
        "s:41:15:41:29": 3,
        "s:43:23:43:Infinity": 4,
        "b:43:46:43:64:43:64:43:Infinity": 0,
        "s:45:2:49:Infinity": 5,
        "b:46:4:49:Infinity:48:11:49:Infinity": 1,
        "s:46:4:49:Infinity": 6,
        "b:46:8:46:17:46:17:46:46:46:46:46:70": 2,
        "s:47:6:47:Infinity": 7,
        "s:49:6:49:Infinity": 8,
        "b:53:2:53:Infinity:undefined:undefined:undefined:undefined": 3,
        "s:53:2:53:Infinity": 9,
        "s:53:33:53:Infinity": 10,
        "b:55:2:62:Infinity:undefined:undefined:undefined:undefined": 4,
        "s:55:2:62:Infinity": 11,
        "s:56:17:56:Infinity": 12,
        "s:57:4:60:Infinity": 13,
        "s:59:26:59:Infinity": 14,
        "s:60:6:60:Infinity": 15,
        "s:62:4:62:Infinity": 16,
        "s:65:2:65:Infinity": 17,
        "s:68:13:69:Infinity": 18,
        "f:68:13:68:28": 1,
        "s:69:2:69:Infinity": 19,
        "s:72:13:72:Infinity": 20,
        "f:72:13:72:33": 2,
        "s:72:33:72:Infinity": 21,
        "s:75:13:80:Infinity": 22,
        "f:75:13:75:22": 3,
        "s:76:8:76:63": 23,
        "b:76:21:76:37:76:37:76:50": 5,
        "s:77:14:77:Infinity": 24,
        "s:78:17:78:23": 25,
        "s:80:2:80:Infinity": 26,
        "b:80:26:80:38:80:38:80:Infinity": 6,
        "s:84:13:87:Infinity": 27,
        "f:84:13:84:21": 4,
        "s:85:14:85:Infinity": 28,
        "s:86:17:86:23": 29,
        "s:87:2:87:Infinity": 30,
        "b:87:26:87:32:87:32:87:Infinity": 7
      }
    }
  },
  "/Users/hizukuri/Documents/workspace/Tableau/src/utils/twbxParser.ts": {
    "path": "/Users/hizukuri/Documents/workspace/Tableau/src/utils/twbxParser.ts",
    "statementMap": {
      "0": {
        "start": { "line": 7, "column": 28 },
        "end": { "line": 7, "column": null }
      },
      "1": {
        "start": { "line": 19, "column": 20 },
        "end": { "line": 19, "column": null }
      },
      "2": {
        "start": { "line": 20, "column": 23 },
        "end": { "line": 20, "column": null }
      },
      "3": {
        "start": { "line": 22, "column": 14 },
        "end": { "line": 22, "column": 25 }
      },
      "4": {
        "start": { "line": 23, "column": 2 },
        "end": { "line": 23, "column": null }
      },
      "5": {
        "start": { "line": 26, "column": 22 },
        "end": { "line": 27, "column": null }
      },
      "6": {
        "start": { "line": 27, "column": 4 },
        "end": { "line": 27, "column": 25 }
      },
      "7": {
        "start": { "line": 30, "column": 2 },
        "end": { "line": 31, "column": null }
      },
      "8": {
        "start": { "line": 31, "column": 4 },
        "end": { "line": 31, "column": null }
      },
      "9": {
        "start": { "line": 34, "column": 18 },
        "end": { "line": 34, "column": 39 }
      },
      "10": {
        "start": { "line": 35, "column": 2 },
        "end": { "line": 36, "column": null }
      },
      "11": {
        "start": { "line": 36, "column": 4 },
        "end": { "line": 36, "column": null }
      },
      "12": {
        "start": { "line": 40, "column": 21 },
        "end": { "line": 40, "column": 54 }
      },
      "13": {
        "start": { "line": 42, "column": 2 },
        "end": { "line": 43, "column": null }
      },
      "14": {
        "start": { "line": 43, "column": 4 },
        "end": { "line": 43, "column": null }
      },
      "15": {
        "start": { "line": 47, "column": 18 },
        "end": { "line": 47, "column": 42 }
      },
      "16": {
        "start": { "line": 48, "column": 2 },
        "end": { "line": 48, "column": null }
      }
    },
    "fnMap": {
      "0": {
        "name": "extractTwbFromTwbx",
        "decl": {
          "start": { "line": 15, "column": 22 },
          "end": { "line": 15, "column": null }
        },
        "loc": {
          "start": { "line": 18, "column": 19 },
          "end": { "line": 48, "column": null }
        },
        "line": 18
      },
      "1": {
        "name": "(anonymous_1)",
        "decl": {
          "start": { "line": 26, "column": 45 },
          "end": { "line": 26, "column": 51 }
        },
        "loc": {
          "start": { "line": 27, "column": 4 },
          "end": { "line": 27, "column": 25 }
        },
        "line": 27
      }
    },
    "branchMap": {
      "0": {
        "loc": {
          "start": { "line": 19, "column": 20 },
          "end": { "line": 19, "column": null }
        },
        "type": "binary-expr",
        "locations": [
          {
            "start": { "line": 19, "column": 20 },
            "end": { "line": 19, "column": 42 }
          },
          {
            "start": { "line": 19, "column": 42 },
            "end": { "line": 19, "column": null }
          }
        ],
        "line": 19
      },
      "1": {
        "loc": {
          "start": { "line": 30, "column": 2 },
          "end": { "line": 31, "column": null }
        },
        "type": "if",
        "locations": [
          {
            "start": { "line": 30, "column": 2 },
            "end": { "line": 31, "column": null }
          },
          { "start": {}, "end": {} }
        ],
        "line": 30
      },
      "2": {
        "loc": {
          "start": { "line": 35, "column": 2 },
          "end": { "line": 36, "column": null }
        },
        "type": "if",
        "locations": [
          {
            "start": { "line": 35, "column": 2 },
            "end": { "line": 36, "column": null }
          },
          { "start": {}, "end": {} }
        ],
        "line": 35
      },
      "3": {
        "loc": {
          "start": { "line": 42, "column": 2 },
          "end": { "line": 43, "column": null }
        },
        "type": "if",
        "locations": [
          {
            "start": { "line": 42, "column": 2 },
            "end": { "line": 43, "column": null }
          },
          { "start": {}, "end": {} }
        ],
        "line": 42
      }
    },
    "s": {
      "0": 2,
      "1": 5,
      "2": 5,
      "3": 5,
      "4": 5,
      "5": 5,
      "6": 9,
      "7": 5,
      "8": 1,
      "9": 4,
      "10": 4,
      "11": 0,
      "12": 4,
      "13": 4,
      "14": 1,
      "15": 3,
      "16": 3
    },
    "f": { "0": 5, "1": 9 },
    "b": { "0": [5, 4], "1": [1, 4], "2": [0, 4], "3": [1, 3] },
    "meta": {
      "lastBranch": 4,
      "lastFunction": 2,
      "lastStatement": 17,
      "seen": {
        "s:7:28:7:Infinity": 0,
        "f:15:22:15:Infinity": 0,
        "s:19:20:19:Infinity": 1,
        "b:19:20:19:42:19:42:19:Infinity": 0,
        "s:20:23:20:Infinity": 2,
        "s:22:14:22:25": 3,
        "s:23:2:23:Infinity": 4,
        "s:26:22:27:Infinity": 5,
        "f:26:45:26:51": 1,
        "s:27:4:27:25": 6,
        "b:30:2:31:Infinity:undefined:undefined:undefined:undefined": 1,
        "s:30:2:31:Infinity": 7,
        "s:31:4:31:Infinity": 8,
        "s:34:18:34:39": 9,
        "b:35:2:36:Infinity:undefined:undefined:undefined:undefined": 2,
        "s:35:2:36:Infinity": 10,
        "s:36:4:36:Infinity": 11,
        "s:40:21:40:54": 12,
        "b:42:2:43:Infinity:undefined:undefined:undefined:undefined": 3,
        "s:42:2:43:Infinity": 13,
        "s:43:4:43:Infinity": 14,
        "s:47:18:47:42": 15,
        "s:48:2:48:Infinity": 16
      }
    }
  },
  "/Users/hizukuri/Documents/workspace/Tableau/src/utils/workerManager.ts": {
    "path": "/Users/hizukuri/Documents/workspace/Tableau/src/utils/workerManager.ts",
    "statementMap": {
      "0": {
        "start": { "line": 10, "column": 2 },
        "end": { "line": 28, "column": null }
      },
      "1": {
        "start": { "line": 11, "column": 19 },
        "end": { "line": 11, "column": 38 }
      },
      "2": {
        "start": { "line": 13, "column": 4 },
        "end": { "line": 19, "column": null }
      },
      "3": {
        "start": { "line": 14, "column": 6 },
        "end": { "line": 17, "column": null }
      },
      "4": {
        "start": { "line": 15, "column": 8 },
        "end": { "line": 15, "column": null }
      },
      "5": {
        "start": { "line": 17, "column": 8 },
        "end": { "line": 17, "column": null }
      },
      "6": {
        "start": { "line": 19, "column": 6 },
        "end": { "line": 19, "column": null }
      },
      "7": {
        "start": { "line": 22, "column": 4 },
        "end": { "line": 24, "column": null }
      },
      "8": {
        "start": { "line": 23, "column": 6 },
        "end": { "line": 23, "column": null }
      },
      "9": {
        "start": { "line": 24, "column": 6 },
        "end": { "line": 24, "column": null }
      },
      "10": {
        "start": { "line": 27, "column": 4 },
        "end": { "line": 27, "column": null }
      }
    },
    "fnMap": {
      "0": {
        "name": "parseWorkbookAsync",
        "decl": {
          "start": { "line": 9, "column": 16 },
          "end": { "line": 9, "column": 35 }
        },
        "loc": {
          "start": { "line": 9, "column": 73 },
          "end": { "line": 28, "column": null }
        },
        "line": 9
      },
      "1": {
        "name": "(anonymous_1)",
        "decl": {
          "start": { "line": 10, "column": 13 },
          "end": { "line": 10, "column": 22 }
        },
        "loc": {
          "start": { "line": 10, "column": 42 },
          "end": { "line": 28, "column": null }
        },
        "line": 10
      },
      "2": {
        "name": "(anonymous_2)",
        "decl": {
          "start": { "line": 13, "column": 11 },
          "end": { "line": 13, "column": 24 }
        },
        "loc": {
          "start": { "line": 13, "column": 30 },
          "end": { "line": 19, "column": null }
        },
        "line": 13
      },
      "3": {
        "name": "(anonymous_3)",
        "decl": {
          "start": { "line": 22, "column": 11 },
          "end": { "line": 22, "column": 22 }
        },
        "loc": {
          "start": { "line": 22, "column": 30 },
          "end": { "line": 24, "column": null }
        },
        "line": 22
      }
    },
    "branchMap": {
      "0": {
        "loc": {
          "start": { "line": 14, "column": 6 },
          "end": { "line": 17, "column": null }
        },
        "type": "if",
        "locations": [
          {
            "start": { "line": 14, "column": 6 },
            "end": { "line": 17, "column": null }
          },
          {
            "start": { "line": 16, "column": 13 },
            "end": { "line": 17, "column": null }
          }
        ],
        "line": 14
      }
    },
    "s": {
      "0": 3,
      "1": 3,
      "2": 3,
      "3": 2,
      "4": 1,
      "5": 1,
      "6": 2,
      "7": 3,
      "8": 1,
      "9": 1,
      "10": 3
    },
    "f": { "0": 3, "1": 3, "2": 2, "3": 1 },
    "b": { "0": [1, 1] },
    "meta": {
      "lastBranch": 1,
      "lastFunction": 4,
      "lastStatement": 11,
      "seen": {
        "f:9:16:9:35": 0,
        "s:10:2:28:Infinity": 0,
        "f:10:13:10:22": 1,
        "s:11:19:11:38": 1,
        "s:13:4:19:Infinity": 2,
        "f:13:11:13:24": 2,
        "b:14:6:17:Infinity:16:13:17:Infinity": 0,
        "s:14:6:17:Infinity": 3,
        "s:15:8:15:Infinity": 4,
        "s:17:8:17:Infinity": 5,
        "s:19:6:19:Infinity": 6,
        "s:22:4:24:Infinity": 7,
        "f:22:11:22:22": 3,
        "s:23:6:23:Infinity": 8,
        "s:24:6:24:Infinity": 9,
        "s:27:4:27:Infinity": 10
      }
    }
  },
  "/Users/hizukuri/Documents/workspace/Tableau/src/utils/xmlParser.ts": {
    "path": "/Users/hizukuri/Documents/workspace/Tableau/src/utils/xmlParser.ts",
    "statementMap": {
      "0": {
        "start": { "line": 13, "column": 2 },
        "end": { "line": 13, "column": null }
      },
      "1": {
        "start": { "line": 13, "column": 41 },
        "end": { "line": 13, "column": null }
      },
      "2": {
        "start": { "line": 14, "column": 2 },
        "end": { "line": 14, "column": null }
      },
      "3": {
        "start": { "line": 18, "column": 2 },
        "end": { "line": 18, "column": null }
      },
      "4": {
        "start": { "line": 18, "column": 13 },
        "end": { "line": 18, "column": null }
      },
      "5": {
        "start": { "line": 19, "column": 2 },
        "end": { "line": 19, "column": null }
      },
      "6": {
        "start": { "line": 26, "column": 2 },
        "end": { "line": 26, "column": null }
      },
      "7": {
        "start": { "line": 26, "column": 13 },
        "end": { "line": 26, "column": null }
      },
      "8": {
        "start": { "line": 29, "column": 16 },
        "end": { "line": 29, "column": 33 }
      },
      "9": {
        "start": { "line": 30, "column": 19 },
        "end": { "line": 30, "column": null }
      },
      "10": {
        "start": { "line": 33, "column": 10 },
        "end": { "line": 33, "column": 47 }
      },
      "11": {
        "start": { "line": 36, "column": 2 },
        "end": { "line": 39, "column": null }
      },
      "12": {
        "start": { "line": 42, "column": 18 },
        "end": { "line": 42, "column": null }
      },
      "13": {
        "start": { "line": 43, "column": 17 },
        "end": { "line": 68, "column": null }
      },
      "14": {
        "start": { "line": 70, "column": 19 },
        "end": { "line": 70, "column": 50 }
      },
      "15": {
        "start": { "line": 71, "column": 24 },
        "end": { "line": 74, "column": null }
      },
      "16": {
        "start": { "line": 72, "column": 16 },
        "end": { "line": 72, "column": 31 }
      },
      "17": {
        "start": { "line": 73, "column": 4 },
        "end": { "line": 73, "column": null }
      },
      "18": {
        "start": { "line": 76, "column": 2 },
        "end": { "line": 76, "column": null }
      },
      "19": {
        "start": { "line": 83, "column": 2 },
        "end": { "line": 83, "column": null }
      },
      "20": {
        "start": { "line": 83, "column": 12 },
        "end": { "line": 83, "column": null }
      },
      "21": {
        "start": { "line": 84, "column": 16 },
        "end": { "line": 84, "column": 42 }
      },
      "22": {
        "start": { "line": 86, "column": 2 },
        "end": { "line": 89, "column": null }
      },
      "23": {
        "start": { "line": 87, "column": 21 },
        "end": { "line": 87, "column": 38 }
      },
      "24": {
        "start": { "line": 88, "column": 4 },
        "end": { "line": 88, "column": null }
      },
      "25": {
        "start": { "line": 91, "column": 2 },
        "end": { "line": 94, "column": null }
      },
      "26": {
        "start": { "line": 92, "column": 21 },
        "end": { "line": 92, "column": 38 }
      },
      "27": {
        "start": { "line": 93, "column": 4 },
        "end": { "line": 93, "column": null }
      },
      "28": {
        "start": { "line": 95, "column": 2 },
        "end": { "line": 99, "column": null }
      },
      "29": {
        "start": { "line": 105, "column": 23 },
        "end": { "line": 105, "column": 78 }
      },
      "30": {
        "start": { "line": 107, "column": 17 },
        "end": { "line": 112, "column": 4 }
      },
      "31": {
        "start": { "line": 113, "column": 19 },
        "end": { "line": 113, "column": null }
      },
      "32": {
        "start": { "line": 119, "column": 43 },
        "end": { "line": 231, "column": null }
      },
      "33": {
        "start": { "line": 124, "column": 15 },
        "end": { "line": 124, "column": null }
      },
      "34": {
        "start": { "line": 125, "column": 19 },
        "end": { "line": 125, "column": 56 }
      },
      "35": {
        "start": { "line": 127, "column": 21 },
        "end": { "line": 127, "column": 52 }
      },
      "36": {
        "start": { "line": 128, "column": 23 },
        "end": { "line": 128, "column": null }
      },
      "37": {
        "start": { "line": 129, "column": 16 },
        "end": { "line": 133, "column": null }
      },
      "38": {
        "start": { "line": 134, "column": 4 },
        "end": { "line": 167, "column": null }
      },
      "39": {
        "start": { "line": 135, "column": 18 },
        "end": { "line": 135, "column": null }
      },
      "40": {
        "start": { "line": 136, "column": 6 },
        "end": { "line": 165, "column": null }
      },
      "41": {
        "start": { "line": 137, "column": 31 },
        "end": { "line": 137, "column": null }
      },
      "42": {
        "start": { "line": 141, "column": 10 },
        "end": { "line": 143, "column": null }
      },
      "43": {
        "start": { "line": 144, "column": 31 },
        "end": { "line": 144, "column": null }
      },
      "44": {
        "start": { "line": 149, "column": 10 },
        "end": { "line": 151, "column": null }
      },
      "45": {
        "start": { "line": 152, "column": 27 },
        "end": { "line": 152, "column": 61 }
      },
      "46": {
        "start": { "line": 153, "column": 23 },
        "end": { "line": 153, "column": 50 }
      },
      "47": {
        "start": { "line": 154, "column": 8 },
        "end": { "line": 165, "column": null }
      },
      "48": {
        "start": { "line": 170, "column": 4 },
        "end": { "line": 223, "column": null }
      },
      "49": {
        "start": { "line": 171, "column": 18 },
        "end": { "line": 171, "column": null }
      },
      "50": {
        "start": { "line": 172, "column": 22 },
        "end": { "line": 172, "column": 63 }
      },
      "51": {
        "start": { "line": 173, "column": 6 },
        "end": { "line": 173, "column": null }
      },
      "52": {
        "start": { "line": 173, "column": 20 },
        "end": { "line": 173, "column": null }
      },
      "53": {
        "start": { "line": 175, "column": 19 },
        "end": { "line": 175, "column": null }
      },
      "54": {
        "start": { "line": 178, "column": 23 },
        "end": { "line": 178, "column": null }
      },
      "55": {
        "start": { "line": 181, "column": 23 },
        "end": { "line": 181, "column": 44 }
      },
      "56": {
        "start": { "line": 183, "column": 6 },
        "end": { "line": 222, "column": null }
      },
      "57": {
        "start": { "line": 209, "column": 28 },
        "end": { "line": 209, "column": null }
      },
      "58": {
        "start": { "line": 210, "column": 18 },
        "end": { "line": 218, "column": null }
      },
      "59": {
        "start": { "line": 225, "column": 19 },
        "end": { "line": 225, "column": 48 }
      },
      "60": {
        "start": { "line": 226, "column": 4 },
        "end": { "line": 230, "column": null }
      },
      "61": {
        "start": { "line": 234, "column": 41 },
        "end": { "line": 405, "column": null }
      },
      "62": {
        "start": { "line": 239, "column": 15 },
        "end": { "line": 239, "column": null }
      },
      "63": {
        "start": { "line": 240, "column": 35 },
        "end": { "line": 240, "column": 37 }
      },
      "64": {
        "start": { "line": 241, "column": 40 },
        "end": { "line": 241, "column": 42 }
      },
      "65": {
        "start": { "line": 242, "column": 31 },
        "end": { "line": 242, "column": 48 }
      },
      "66": {
        "start": { "line": 244, "column": 10 },
        "end": { "line": 254, "column": null }
      },
      "67": {
        "start": { "line": 247, "column": 6 },
        "end": { "line": 247, "column": null }
      },
      "68": {
        "start": { "line": 247, "column": 20 },
        "end": { "line": 247, "column": null }
      },
      "69": {
        "start": { "line": 248, "column": 24 },
        "end": { "line": 248, "column": 49 }
      },
      "70": {
        "start": { "line": 249, "column": 6 },
        "end": { "line": 250, "column": null }
      },
      "71": {
        "start": { "line": 250, "column": 8 },
        "end": { "line": 250, "column": null }
      },
      "72": {
        "start": { "line": 251, "column": 6 },
        "end": { "line": 254, "column": null }
      },
      "73": {
        "start": { "line": 257, "column": 10 },
        "end": { "line": 264, "column": null }
      },
      "74": {
        "start": { "line": 258, "column": 6 },
        "end": { "line": 258, "column": null }
      },
      "75": {
        "start": { "line": 258, "column": 16 },
        "end": { "line": 258, "column": null }
      },
      "76": {
        "start": { "line": 259, "column": 19 },
        "end": { "line": 259, "column": 70 }
      },
      "77": {
        "start": { "line": 261, "column": 22 },
        "end": { "line": 261, "column": 70 }
      },
      "78": {
        "start": { "line": 262, "column": 6 },
        "end": { "line": 264, "column": null }
      },
      "79": {
        "start": { "line": 263, "column": 20 },
        "end": { "line": 263, "column": 39 }
      },
      "80": {
        "start": { "line": 264, "column": 40 },
        "end": { "line": 264, "column": 51 }
      },
      "81": {
        "start": { "line": 267, "column": 10 },
        "end": { "line": 309, "column": null }
      },
      "82": {
        "start": { "line": 268, "column": 16 },
        "end": { "line": 268, "column": null }
      },
      "83": {
        "start": { "line": 270, "column": 19 },
        "end": { "line": 270, "column": null }
      },
      "84": {
        "start": { "line": 272, "column": 12 },
        "end": { "line": 284, "column": null }
      },
      "85": {
        "start": { "line": 273, "column": 37 },
        "end": { "line": 273, "column": 39 }
      },
      "86": {
        "start": { "line": 275, "column": 8 },
        "end": { "line": 283, "column": null }
      },
      "87": {
        "start": { "line": 276, "column": 10 },
        "end": { "line": 281, "column": null }
      },
      "88": {
        "start": { "line": 277, "column": 12 },
        "end": { "line": 281, "column": null }
      },
      "89": {
        "start": { "line": 278, "column": 24 },
        "end": { "line": 278, "column": null }
      },
      "90": {
        "start": { "line": 279, "column": 24 },
        "end": { "line": 279, "column": 67 }
      },
      "91": {
        "start": { "line": 280, "column": 14 },
        "end": { "line": 280, "column": null }
      },
      "92": {
        "start": { "line": 280, "column": 21 },
        "end": { "line": 280, "column": null }
      },
      "93": {
        "start": { "line": 284, "column": 8 },
        "end": { "line": 284, "column": null }
      },
      "94": {
        "start": { "line": 287, "column": 6 },
        "end": { "line": 309, "column": null }
      },
      "95": {
        "start": { "line": 313, "column": 22 },
        "end": { "line": 313, "column": null }
      },
      "96": {
        "start": { "line": 314, "column": 20 },
        "end": { "line": 314, "column": null }
      },
      "97": {
        "start": { "line": 315, "column": 4 },
        "end": { "line": 318, "column": null }
      },
      "98": {
        "start": { "line": 316, "column": 6 },
        "end": { "line": 318, "column": null }
      },
      "99": {
        "start": { "line": 317, "column": 24 },
        "end": { "line": 317, "column": 66 }
      },
      "100": {
        "start": { "line": 321, "column": 4 },
        "end": { "line": 379, "column": null }
      },
      "101": {
        "start": { "line": 322, "column": 18 },
        "end": { "line": 322, "column": null }
      },
      "102": {
        "start": { "line": 323, "column": 6 },
        "end": { "line": 323, "column": null }
      },
      "103": {
        "start": { "line": 323, "column": 51 },
        "end": { "line": 323, "column": null }
      },
      "104": {
        "start": { "line": 324, "column": 6 },
        "end": { "line": 378, "column": null }
      },
      "105": {
        "start": { "line": 325, "column": 19 },
        "end": { "line": 325, "column": null }
      },
      "106": {
        "start": { "line": 326, "column": 23 },
        "end": { "line": 327, "column": null }
      },
      "107": {
        "start": { "line": 329, "column": 8 },
        "end": { "line": 329, "column": null }
      },
      "108": {
        "start": { "line": 329, "column": 20 },
        "end": { "line": 329, "column": null }
      },
      "109": {
        "start": { "line": 331, "column": 8 },
        "end": { "line": 352, "column": null }
      },
      "110": {
        "start": { "line": 332, "column": 22 },
        "end": { "line": 332, "column": null }
      },
      "111": {
        "start": { "line": 333, "column": 26 },
        "end": { "line": 333, "column": 67 }
      },
      "112": {
        "start": { "line": 334, "column": 10 },
        "end": { "line": 334, "column": null }
      },
      "113": {
        "start": { "line": 334, "column": 24 },
        "end": { "line": 334, "column": null }
      },
      "114": {
        "start": { "line": 335, "column": 10 },
        "end": { "line": 335, "column": null }
      },
      "115": {
        "start": { "line": 335, "column": 47 },
        "end": { "line": 335, "column": null }
      },
      "116": {
        "start": { "line": 336, "column": 23 },
        "end": { "line": 336, "column": null }
      },
      "117": {
        "start": { "line": 339, "column": 27 },
        "end": { "line": 339, "column": null }
      },
      "118": {
        "start": { "line": 342, "column": 10 },
        "end": { "line": 351, "column": null }
      },
      "119": {
        "start": { "line": 353, "column": 8 },
        "end": { "line": 377, "column": null }
      },
      "120": {
        "start": { "line": 354, "column": 21 },
        "end": { "line": 354, "column": null }
      },
      "121": {
        "start": { "line": 355, "column": 25 },
        "end": { "line": 355, "column": 65 }
      },
      "122": {
        "start": { "line": 356, "column": 23 },
        "end": { "line": 356, "column": null }
      },
      "123": {
        "start": { "line": 359, "column": 27 },
        "end": { "line": 359, "column": null }
      },
      "124": {
        "start": { "line": 362, "column": 10 },
        "end": { "line": 375, "column": null }
      },
      "125": {
        "start": { "line": 363, "column": 12 },
        "end": { "line": 363, "column": null }
      },
      "126": {
        "start": { "line": 363, "column": 48 },
        "end": { "line": 363, "column": null }
      },
      "127": {
        "start": { "line": 364, "column": 12 },
        "end": { "line": 375, "column": null }
      },
      "128": {
        "start": { "line": 381, "column": 19 },
        "end": { "line": 381, "column": 33 }
      },
      "129": {
        "start": { "line": 382, "column": 23 },
        "end": { "line": 382, "column": null }
      },
      "130": {
        "start": { "line": 383, "column": 22 },
        "end": { "line": 383, "column": null }
      },
      "131": {
        "start": { "line": 384, "column": 34 },
        "end": { "line": 395, "column": null }
      },
      "132": {
        "start": { "line": 389, "column": 20 },
        "end": { "line": 389, "column": null }
      },
      "133": {
        "start": { "line": 390, "column": 10 },
        "end": { "line": 390, "column": null }
      },
      "134": {
        "start": { "line": 392, "column": 40 },
        "end": { "line": 392, "column": 51 }
      },
      "135": {
        "start": { "line": 397, "column": 4 },
        "end": { "line": 404, "column": null }
      },
      "136": {
        "start": { "line": 408, "column": 21 },
        "end": { "line": 432, "column": null }
      },
      "137": {
        "start": { "line": 413, "column": 15 },
        "end": { "line": 413, "column": null }
      },
      "138": {
        "start": { "line": 414, "column": 20 },
        "end": { "line": 414, "column": 37 }
      },
      "139": {
        "start": { "line": 415, "column": 10 },
        "end": { "line": 425, "column": null }
      },
      "140": {
        "start": { "line": 416, "column": 6 },
        "end": { "line": 425, "column": null }
      },
      "141": {
        "start": { "line": 417, "column": 18 },
        "end": { "line": 417, "column": null }
      },
      "142": {
        "start": { "line": 418, "column": 8 },
        "end": { "line": 418, "column": null }
      },
      "143": {
        "start": { "line": 418, "column": 25 },
        "end": { "line": 418, "column": null }
      },
      "144": {
        "start": { "line": 420, "column": 8 },
        "end": { "line": 420, "column": null }
      },
      "145": {
        "start": { "line": 420, "column": 20 },
        "end": { "line": 420, "column": null }
      },
      "146": {
        "start": { "line": 421, "column": 8 },
        "end": { "line": 423, "column": null }
      },
      "147": {
        "start": { "line": 422, "column": 21 },
        "end": { "line": 422, "column": null }
      },
      "148": {
        "start": { "line": 423, "column": 10 },
        "end": { "line": 423, "column": null }
      },
      "149": {
        "start": { "line": 423, "column": 23 },
        "end": { "line": 423, "column": null }
      },
      "150": {
        "start": { "line": 427, "column": 4 },
        "end": { "line": 427, "column": null }
      },
      "151": {
        "start": { "line": 428, "column": 4 },
        "end": { "line": 431, "column": null }
      },
      "152": {
        "start": { "line": 434, "column": 2 },
        "end": { "line": 434, "column": null }
      }
    },
    "fnMap": {
      "0": {
        "name": "ensureArray",
        "decl": {
          "start": { "line": 12, "column": 9 },
          "end": { "line": 12, "column": 24 }
        },
        "loc": {
          "start": { "line": 12, "column": 62 },
          "end": { "line": 14, "column": null }
        },
        "line": 12
      },
      "1": {
        "name": "stripBrackets",
        "decl": {
          "start": { "line": 17, "column": 9 },
          "end": { "line": 17, "column": 23 }
        },
        "loc": {
          "start": { "line": 17, "column": 57 },
          "end": { "line": 19, "column": null }
        },
        "line": 17
      },
      "2": {
        "name": "normalizeFieldId",
        "decl": {
          "start": { "line": 25, "column": 16 },
          "end": { "line": 25, "column": 33 }
        },
        "loc": {
          "start": { "line": 25, "column": 67 },
          "end": { "line": 76, "column": null }
        },
        "line": 25
      },
      "3": {
        "name": "(anonymous_3)",
        "decl": {
          "start": { "line": 71, "column": 33 },
          "end": { "line": 71, "column": 41 }
        },
        "loc": {
          "start": { "line": 71, "column": 47 },
          "end": { "line": 74, "column": null }
        },
        "line": 71
      },
      "4": {
        "name": "decodeXmlString",
        "decl": {
          "start": { "line": 82, "column": 9 },
          "end": { "line": 82, "column": 25 }
        },
        "loc": {
          "start": { "line": 82, "column": 58 },
          "end": { "line": 99, "column": null }
        },
        "line": 82
      },
      "5": {
        "name": "(anonymous_5)",
        "decl": {
          "start": { "line": 86, "column": 28 },
          "end": { "line": 86, "column": 42 }
        },
        "loc": {
          "start": { "line": 86, "column": 69 },
          "end": { "line": 89, "column": null }
        },
        "line": 86
      },
      "6": {
        "name": "(anonymous_6)",
        "decl": {
          "start": { "line": 91, "column": 28 },
          "end": { "line": 91, "column": 52 }
        },
        "loc": {
          "start": { "line": 91, "column": 79 },
          "end": { "line": 94, "column": null }
        },
        "line": 91
      },
      "7": {
        "name": "parseTableauXml",
        "decl": {
          "start": { "line": 102, "column": 16 },
          "end": { "line": 102, "column": 32 }
        },
        "loc": {
          "start": { "line": 102, "column": 66 },
          "end": { "line": 434, "column": null }
        },
        "line": 102
      },
      "8": {
        "name": "(anonymous_8)",
        "decl": {
          "start": { "line": 123, "column": 4 },
          "end": { "line": 123, "column": 9 }
        },
        "loc": {
          "start": { "line": 123, "column": 29 },
          "end": { "line": 231, "column": null }
        },
        "line": 123
      },
      "9": {
        "name": "(anonymous_9)",
        "decl": {
          "start": { "line": 134, "column": 21 },
          "end": { "line": 134, "column": 30 }
        },
        "loc": {
          "start": { "line": 134, "column": 51 },
          "end": { "line": 167, "column": null }
        },
        "line": 134
      },
      "10": {
        "name": "(anonymous_10)",
        "decl": {
          "start": { "line": 170, "column": 27 },
          "end": { "line": 170, "column": 36 }
        },
        "loc": {
          "start": { "line": 170, "column": 57 },
          "end": { "line": 223, "column": null }
        },
        "line": 170
      },
      "11": {
        "name": "(anonymous_11)",
        "decl": {
          "start": { "line": 207, "column": 76 },
          "end": { "line": 207, "column": null }
        },
        "loc": {
          "start": { "line": 208, "column": 36 },
          "end": { "line": 220, "column": null }
        },
        "line": 208
      },
      "12": {
        "name": "(anonymous_12)",
        "decl": {
          "start": { "line": 238, "column": 4 },
          "end": { "line": 238, "column": 9 }
        },
        "loc": {
          "start": { "line": 238, "column": 29 },
          "end": { "line": 405, "column": null }
        },
        "line": 238
      },
      "13": {
        "name": "(anonymous_13)",
        "decl": {
          "start": { "line": 244, "column": 10 },
          "end": { "line": 244, "column": null }
        },
        "loc": {
          "start": { "line": 246, "column": 28 },
          "end": { "line": 254, "column": null }
        },
        "line": 246
      },
      "14": {
        "name": "(anonymous_14)",
        "decl": {
          "start": { "line": 257, "column": 10 },
          "end": { "line": 257, "column": 28 }
        },
        "loc": {
          "start": { "line": 257, "column": 59 },
          "end": { "line": 264, "column": null }
        },
        "line": 257
      },
      "15": {
        "name": "(anonymous_15)",
        "decl": {
          "start": { "line": 263, "column": 9 },
          "end": { "line": 263, "column": 14 }
        },
        "loc": {
          "start": { "line": 263, "column": 20 },
          "end": { "line": 263, "column": 39 }
        },
        "line": 263
      },
      "16": {
        "name": "(anonymous_16)",
        "decl": {
          "start": { "line": 264, "column": 9 },
          "end": { "line": 264, "column": 17 }
        },
        "loc": {
          "start": { "line": 264, "column": 40 },
          "end": { "line": 264, "column": 51 }
        },
        "line": 264
      },
      "17": {
        "name": "(anonymous_17)",
        "decl": {
          "start": { "line": 267, "column": 10 },
          "end": { "line": 267, "column": 23 }
        },
        "loc": {
          "start": { "line": 267, "column": 57 },
          "end": { "line": 309, "column": null }
        },
        "line": 267
      },
      "18": {
        "name": "(anonymous_18)",
        "decl": {
          "start": { "line": 272, "column": 12 },
          "end": { "line": 272, "column": 22 }
        },
        "loc": {
          "start": { "line": 272, "column": 41 },
          "end": { "line": 284, "column": null }
        },
        "line": 272
      },
      "19": {
        "name": "(anonymous_19)",
        "decl": {
          "start": { "line": 275, "column": 28 },
          "end": { "line": 275, "column": 37 }
        },
        "loc": {
          "start": { "line": 275, "column": 52 },
          "end": { "line": 283, "column": null }
        },
        "line": 275
      },
      "20": {
        "name": "(anonymous_20)",
        "decl": {
          "start": { "line": 277, "column": 29 },
          "end": { "line": 277, "column": 38 }
        },
        "loc": {
          "start": { "line": 277, "column": 57 },
          "end": { "line": 281, "column": null }
        },
        "line": 277
      },
      "21": {
        "name": "(anonymous_21)",
        "decl": {
          "start": { "line": 316, "column": 69 },
          "end": { "line": 316, "column": null }
        },
        "loc": {
          "start": { "line": 317, "column": 24 },
          "end": { "line": 317, "column": 66 }
        },
        "line": 317
      },
      "22": {
        "name": "(anonymous_22)",
        "decl": {
          "start": { "line": 321, "column": 12 },
          "end": { "line": 321, "column": 21 }
        },
        "loc": {
          "start": { "line": 321, "column": 33 },
          "end": { "line": 379, "column": null }
        },
        "line": 321
      },
      "23": {
        "name": "(anonymous_23)",
        "decl": {
          "start": { "line": 324, "column": 50 },
          "end": { "line": 324, "column": 59 }
        },
        "loc": {
          "start": { "line": 324, "column": 79 },
          "end": { "line": 378, "column": null }
        },
        "line": 324
      },
      "24": {
        "name": "(anonymous_24)",
        "decl": {
          "start": { "line": 331, "column": 31 },
          "end": { "line": 331, "column": 40 }
        },
        "loc": {
          "start": { "line": 331, "column": 61 },
          "end": { "line": 352, "column": null }
        },
        "line": 331
      },
      "25": {
        "name": "(anonymous_25)",
        "decl": {
          "start": { "line": 353, "column": 43 },
          "end": { "line": 353, "column": 52 }
        },
        "loc": {
          "start": { "line": 353, "column": 72 },
          "end": { "line": 377, "column": null }
        },
        "line": 353
      },
      "26": {
        "name": "(anonymous_26)",
        "decl": {
          "start": { "line": 388, "column": 9 },
          "end": { "line": 388, "column": 14 }
        },
        "loc": {
          "start": { "line": 388, "column": 24 },
          "end": { "line": 391, "column": null }
        },
        "line": 388
      },
      "27": {
        "name": "(anonymous_27)",
        "decl": {
          "start": { "line": 392, "column": 9 },
          "end": { "line": 392, "column": 17 }
        },
        "loc": {
          "start": { "line": 392, "column": 40 },
          "end": { "line": 392, "column": 51 }
        },
        "line": 392
      },
      "28": {
        "name": "(anonymous_28)",
        "decl": {
          "start": { "line": 412, "column": 4 },
          "end": { "line": 412, "column": 9 }
        },
        "loc": {
          "start": { "line": 412, "column": 29 },
          "end": { "line": 432, "column": null }
        },
        "line": 412
      },
      "29": {
        "name": "(anonymous_29)",
        "decl": {
          "start": { "line": 415, "column": 10 },
          "end": { "line": 415, "column": 21 }
        },
        "loc": {
          "start": { "line": 415, "column": 40 },
          "end": { "line": 425, "column": null }
        },
        "line": 415
      },
      "30": {
        "name": "(anonymous_30)",
        "decl": {
          "start": { "line": 416, "column": 25 },
          "end": { "line": 416, "column": 34 }
        },
        "loc": {
          "start": { "line": 416, "column": 53 },
          "end": { "line": 425, "column": null }
        },
        "line": 416
      }
    },
    "branchMap": {
      "0": {
        "loc": {
          "start": { "line": 13, "column": 2 },
          "end": { "line": 13, "column": null }
        },
        "type": "if",
        "locations": [
          {
            "start": { "line": 13, "column": 2 },
[...]
            "end": { "line": 371, "column": 37 }
          },
          {
            "start": { "line": 371, "column": 37 },
            "end": { "line": 371, "column": null }
          }
        ],
        "line": 371
      },
      "60": {
        "loc": {
          "start": { "line": 372, "column": 21 },
          "end": { "line": 372, "column": null }
        },
        "type": "binary-expr",
        "locations": [
          {
            "start": { "line": 372, "column": 21 },
            "end": { "line": 372, "column": 60 }
          },
          {
            "start": { "line": 372, "column": 64 },
            "end": { "line": 372, "column": null }
          }
        ],
        "line": 372
      },
      "61": {
        "loc": {
          "start": { "line": 374, "column": 23 },
          "end": { "line": 374, "column": null }
        },
        "type": "cond-expr",
        "locations": [
          {
            "start": { "line": 374, "column": 33 },
            "end": { "line": 374, "column": 57 }
          },
          {
            "start": { "line": 374, "column": 60 },
            "end": { "line": 374, "column": null }
          }
        ],
        "line": 374
      },
      "62": {
        "loc": {
          "start": { "line": 381, "column": 19 },
          "end": { "line": 381, "column": 33 }
        },
        "type": "binary-expr",
        "locations": [
          {
            "start": { "line": 381, "column": 19 },
            "end": { "line": 381, "column": 31 }
          },
          {
            "start": { "line": 381, "column": 31 },
            "end": { "line": 381, "column": 33 }
          }
        ],
        "line": 381
      },
      "63": {
        "loc": {
          "start": { "line": 394, "column": 23 },
          "end": { "line": 394, "column": 61 }
        },
        "type": "binary-expr",
        "locations": [
          {
            "start": { "line": 394, "column": 23 },
            "end": { "line": 394, "column": 59 }
          },
          {
            "start": { "line": 394, "column": 59 },
            "end": { "line": 394, "column": 61 }
          }
        ],
        "line": 394
      },
      "64": {
        "loc": {
          "start": { "line": 399, "column": 32 },
          "end": { "line": 399, "column": 72 }
        },
        "type": "binary-expr",
        "locations": [
          {
            "start": { "line": 399, "column": 32 },
            "end": { "line": 399, "column": 62 }
          },
          {
            "start": { "line": 399, "column": 62 },
            "end": { "line": 399, "column": 72 }
          }
        ],
        "line": 399
      },
      "65": {
        "loc": {
          "start": { "line": 409, "column": 4 },
          "end": { "line": 411, "column": 10 }
        },
        "type": "cond-expr",
        "locations": [
          {
            "start": { "line": 410, "column": 9 },
            "end": { "line": 410, "column": null }
          },
          {
            "start": { "line": 411, "column": 8 },
            "end": { "line": 411, "column": 10 }
          }
        ],
        "line": 409
      },
      "66": {
        "loc": {
          "start": { "line": 418, "column": 8 },
          "end": { "line": 418, "column": null }
        },
        "type": "if",
        "locations": [
          {
            "start": { "line": 418, "column": 8 },
            "end": { "line": 418, "column": null }
          },
          { "start": {}, "end": {} }
        ],
        "line": 418
      },
      "67": {
        "loc": {
          "start": { "line": 420, "column": 8 },
          "end": { "line": 420, "column": null }
        },
        "type": "if",
        "locations": [
          {
            "start": { "line": 420, "column": 8 },
            "end": { "line": 420, "column": null }
          },
          { "start": {}, "end": {} }
        ],
        "line": 420
      },
      "68": {
        "loc": {
          "start": { "line": 421, "column": 8 },
          "end": { "line": 423, "column": null }
        },
        "type": "if",
        "locations": [
          {
            "start": { "line": 421, "column": 8 },
            "end": { "line": 423, "column": null }
          },
          { "start": {}, "end": {} }
        ],
        "line": 421
      },
      "69": {
        "loc": {
          "start": { "line": 423, "column": 10 },
          "end": { "line": 423, "column": null }
        },
        "type": "if",
        "locations": [
          {
            "start": { "line": 423, "column": 10 },
            "end": { "line": 423, "column": null }
          },
          { "start": {}, "end": {} }
        ],
        "line": 423
      }
    },
    "s": {
      "0": 1653,
      "1": 541,
      "2": 1112,
      "3": 413,
      "4": 0,
      "5": 413,
      "6": 1324,
      "7": 0,
      "8": 1324,
      "9": 1324,
      "10": 1324,
      "11": 1324,
      "12": 1324,
      "13": 1324,
      "14": 1324,
      "15": 1324,
      "16": 2439,
      "17": 2439,
      "18": 1324,
      "19": 1599,
      "20": 419,
      "21": 1180,
      "22": 1180,
      "23": 884,
      "24": 884,
      "25": 1180,
      "26": 2,
      "27": 2,
      "28": 1180,
      "29": 11,
      "30": 11,
      "31": 11,
      "32": 11,
      "33": 10,
      "34": 10,
      "35": 10,
      "36": 10,
      "37": 10,
      "38": 10,
      "39": 48,
      "40": 48,
      "41": 41,
      "42": 41,
      "43": 41,
      "44": 41,
      "45": 41,
      "46": 41,
      "47": 41,
      "48": 10,
      "49": 153,
      "50": 153,
      "51": 153,
      "52": 0,
      "53": 153,
      "54": 153,
      "55": 153,
      "56": 153,
      "57": 64,
      "58": 64,
      "59": 10,
      "60": 10,
      "61": 11,
      "62": 45,
      "63": 45,
      "64": 45,
      "65": 45,
      "66": 45,
      "67": 427,
      "68": 0,
      "69": 427,
      "70": 427,
      "71": 77,
      "72": 427,
      "73": 45,
      "74": 90,
      "75": 55,
      "76": 35,
      "77": 90,
      "78": 90,
      "79": 42,
      "80": 42,
      "81": 45,
      "82": 105,
      "83": 105,
      "84": 105,
      "85": 525,
      "86": 525,
      "87": 1040,
      "88": 193,
      "89": 303,
      "90": 303,
      "91": 303,
      "92": 303,
      "93": 525,
      "94": 105,
      "95": 45,
      "96": 45,
      "97": 45,
      "98": 39,
      "99": 60,
      "100": 45,
      "101": 195,
      "102": 195,
      "103": 152,
      "104": 43,
      "105": 77,
      "106": 77,
      "107": 77,
      "108": 77,
      "109": 77,
      "110": 525,
      "111": 525,
      "112": 525,
      "113": 0,
      "114": 525,
      "115": 511,
      "116": 525,
      "117": 525,
      "118": 525,
      "119": 77,
      "120": 178,
      "121": 178,
      "122": 178,
      "123": 178,
      "124": 178,
      "125": 178,
      "126": 14,
      "127": 178,
      "128": 45,
      "129": 45,
      "130": 45,
      "131": 45,
      "132": 82,
      "133": 82,
      "134": 82,
      "135": 45,
      "136": 11,
      "137": 9,
      "138": 9,
      "139": 9,
      "140": 14,
      "141": 114,
      "142": 114,
      "143": 53,
      "144": 114,
      "145": 4,
      "146": 114,
      "147": 1,
      "148": 1,
      "149": 1,
      "150": 9,
      "151": 9,
      "152": 11
    },
    "f": {
      "0": 1653,
      "1": 413,
      "2": 1324,
      "3": 2439,
      "4": 1599,
      "5": 884,
      "6": 2,
      "7": 11,
      "8": 10,
      "9": 48,
      "10": 153,
      "11": 64,
      "12": 45,
      "13": 427,
      "14": 90,
      "15": 42,
      "16": 42,
      "17": 105,
      "18": 525,
      "19": 1040,
      "20": 303,
      "21": 60,
      "22": 195,
      "23": 77,
      "24": 525,
      "25": 178,
      "26": 82,
      "27": 82,
      "28": 9,
      "29": 14,
      "30": 114
    },
    "b": {
      "0": [541, 1112],
      "1": [1653, 1112],
      "2": [266, 846],
      "3": [0, 413],
      "4": [0, 1324],
      "5": [2439, 1939],
      "6": [419, 1180],
      "7": [387, 497],
      "8": [1, 1],
      "9": [6, 5],
      "10": [4, 6],
      "11": [41, 7],
      "12": [41, 0],
      "13": [41, 0],
      "14": [41, 0],
      "15": [41, 0],
      "16": [41, 0],
      "17": [41, 0],
      "18": [41, 41],
      "19": [0, 153],
      "20": [153, 31],
      "21": [153, 27],
      "22": [153, 4],
      "23": [153, 4, 4],
      "24": [122, 31],
      "25": [153, 99],
      "26": [13, 140],
      "27": [64, 0],
      "28": [64, 64],
      "29": [10, 4],
      "30": [8, 3],
      "31": [0, 427],
      "32": [77, 350],
      "33": [427, 427],
      "34": [55, 35],
      "35": [35, 0],
      "36": [90, 0],
      "37": [105, 10],
      "38": [193, 847],
      "39": [303, 0],
      "40": [105, 97, 97, 97],
      "41": [105, 105, 105],
      "42": [105, 6],
      "43": [39, 6],
      "44": [45, 39],
      "45": [152, 43],
      "46": [195, 148],
      "47": [77, 0],
      "48": [77, 0],
      "49": [0, 525],
      "50": [511, 14],
      "51": [525, 128],
      "52": [525, 126],
      "53": [525, 4],
      "54": [397, 128],
      "55": [178, 178],
      "56": [178, 0],
      "57": [14, 164],
      "58": [178, 178],
      "59": [178, 178],
      "60": [178, 0],
      "61": [0, 178],
      "62": [45, 2],
      "63": [45, 6],
      "64": [45, 45],
      "65": [7, 4],
      "66": [53, 61],
      "67": [4, 110],
      "68": [1, 113],
      "69": [1, 0]
    },
    "meta": {
      "lastBranch": 70,
      "lastFunction": 31,
      "lastStatement": 153,
      "seen": {
        "f:12:9:12:24": 0,
        "b:13:2:13:Infinity:undefined:undefined:undefined:undefined": 0,
        "s:13:2:13:Infinity": 0,
        "b:13:6:13:27:13:27:13:41": 1,
        "s:13:41:13:Infinity": 1,
        "s:14:2:14:Infinity": 2,
        "b:14:30:14:36:14:36:14:41": 2,
        "f:17:9:17:23": 1,
        "b:18:2:18:Infinity:undefined:undefined:undefined:undefined": 3,
        "s:18:2:18:Infinity": 3,
        "s:18:13:18:Infinity": 4,
        "s:19:2:19:Infinity": 5,
        "f:25:16:25:33": 2,
        "b:26:2:26:Infinity:undefined:undefined:undefined:undefined": 4,
        "s:26:2:26:Infinity": 6,
        "s:26:13:26:Infinity": 7,
        "s:29:16:29:33": 8,
        "s:30:19:30:Infinity": 9,
        "s:33:10:33:47": 10,
        "s:36:2:39:Infinity": 11,
        "s:42:18:42:Infinity": 12,
        "s:43:17:68:Infinity": 13,
        "s:70:19:70:50": 14,
        "s:71:24:74:Infinity": 15,
        "f:71:33:71:41": 3,
        "s:72:16:72:31": 16,
        "s:73:4:73:Infinity": 17,
        "b:73:11:73:32:73:36:73:58": 5,
        "s:76:2:76:Infinity": 18,
        "f:82:9:82:25": 4,
        "b:83:2:83:Infinity:undefined:undefined:undefined:undefined": 6,
        "s:83:2:83:Infinity": 19,
        "s:83:12:83:Infinity": 20,
        "s:84:16:84:42": 21,
        "s:86:2:89:Infinity": 22,
        "f:86:28:86:42": 5,
        "s:87:21:87:38": 23,
        "s:88:4:88:Infinity": 24,
        "b:88:29:88:34:88:34:88:63": 7,
        "s:91:2:94:Infinity": 25,
        "f:91:28:91:52": 6,
        "s:92:21:92:38": 26,
        "s:93:4:93:Infinity": 27,
        "b:93:29:93:34:93:34:93:63": 8,
        "s:95:2:99:Infinity": 28,
        "f:102:16:102:32": 7,
        "s:105:23:105:78": 29,
        "s:107:17:112:4": 30,
        "s:113:19:113:Infinity": 31,
        "s:119:43:231:Infinity": 32,
        "b:121:9:121:Infinity:122:8:122:10": 9,
        "f:123:4:123:9": 8,
        "s:124:15:124:Infinity": 33,
        "s:125:19:125:56": 34,
        "s:127:21:127:52": 35,
        "s:128:23:128:Infinity": 36,
        "s:129:16:133:Infinity": 37,
        "b:130:9:131:Infinity:133:8:133:Infinity": 10,
        "s:134:4:167:Infinity": 38,
        "f:134:21:134:30": 9,
        "s:135:18:135:Infinity": 39,
        "b:136:6:165:Infinity:undefined:undefined:undefined:undefined": 11,
        "s:136:6:165:Infinity": 40,
        "s:137:31:137:Infinity": 41,
        "b:137:31:137:52:137:52:137:Infinity": 12,
        "s:141:10:143:Infinity": 42,
        "b:142:14:142:Infinity:143:15:143:Infinity": 13,
        "s:144:31:144:Infinity": 43,
        "s:149:10:151:Infinity": 44,
        "b:150:14:150:Infinity:151:15:151:Infinity": 14,
        "s:152:27:152:61": 45,
        "b:152:41:152:58:152:58:152:61": 15,
        "s:153:23:153:50": 46,
        "s:154:8:165:Infinity": 47,
        "b:157:22:157:36:157:36:157:Infinity": 16,
        "b:158:35:158:48:158:48:158:58": 17,
        "b:160:14:161:Infinity:162:29:162:Infinity": 18,
        "s:170:4:223:Infinity": 48,
        "f:170:27:170:36": 10,
        "s:171:18:171:Infinity": 49,
        "s:172:22:172:63": 50,
        "b:173:6:173:Infinity:undefined:undefined:undefined:undefined": 19,
        "s:173:6:173:Infinity": 51,
        "s:173:20:173:Infinity": 52,
        "s:175:19:175:Infinity": 53,
        "s:178:23:178:Infinity": 54,
        "b:178:23:178:46:178:46:178:Infinity": 20,
        "s:181:23:181:44": 55,
        "s:183:6:222:Infinity": 56,
        "b:188:11:188:42:188:42:188:Infinity": 21,
        "b:190:19:190:51:190:51:190:Infinity": 22,
        "b:192:11:192:Infinity:193:11:193:Infinity:194:10:194:Infinity": 23,
        "b:196:27:196:51:196:54:196:Infinity": 24,
        "b:198:10:198:46:198:46:198:Infinity": 25,
        "b:207:14:220:Infinity:221:14:221:Infinity": 26,
        "f:207:76:207:Infinity": 11,
        "s:209:28:209:Infinity": 57,
        "s:210:18:218:Infinity": 58,
        "b:213:26:213:55:214:27:214:Infinity": 27,
        "b:216:23:216:50:216:50:216:Infinity": 28,
        "s:225:19:225:48": 59,
        "s:226:4:230:Infinity": 60,
        "b:228:32:228:62:228:62:228:72": 29,
        "s:234:41:405:Infinity": 61,
        "b:236:9:236:Infinity:237:8:237:10": 30,
        "f:238:4:238:9": 12,
        "s:239:15:239:Infinity": 62,
        "s:240:35:240:37": 63,
        "s:241:40:241:42": 64,
        "s:242:31:242:48": 65,
        "s:244:10:254:Infinity": 66,
        "f:244:10:244:Infinity": 13,
        "b:247:6:247:Infinity:undefined:undefined:undefined:undefined": 31,
        "s:247:6:247:Infinity": 67,
        "s:247:20:247:Infinity": 68,
        "s:248:24:248:49": 69,
        "b:249:6:250:Infinity:undefined:undefined:undefined:undefined": 32,
        "s:249:6:250:Infinity": 70,
        "b:249:10:249:23:249:23:249:56": 33,
        "s:250:8:250:Infinity": 71,
        "s:251:6:254:Infinity": 72,
        "s:257:10:264:Infinity": 73,
        "f:257:10:257:28": 14,
        "b:258:6:258:Infinity:undefined:undefined:undefined:undefined": 34,
        "s:258:6:258:Infinity": 74,
        "s:258:16:258:Infinity": 75,
        "s:259:19:259:70": 76,
        "b:259:45:259:51:259:51:259:70": 35,
        "s:261:22:261:70": 77,
        "b:261:22:261:64:261:68:261:70": 36,
        "s:262:6:264:Infinity": 78,
        "f:263:9:263:14": 15,
        "s:263:20:263:39": 79,
        "f:264:9:264:17": 16,
        "s:264:40:264:51": 80,
        "s:267:10:309:Infinity": 81,
        "f:267:10:267:23": 17,
        "s:268:16:268:Infinity": 82,
        "s:270:19:270:Infinity": 83,
        "b:270:19:270:34:270:34:270:Infinity": 37,
        "s:272:12:284:Infinity": 84,
        "f:272:12:272:22": 18,
        "s:273:37:273:39": 85,
        "s:275:8:283:Infinity": 86,
        "f:275:28:275:37": 19,
        "b:276:10:281:Infinity:undefined:undefined:undefined:undefined": 38,
        "s:276:10:281:Infinity": 87,
        "s:277:12:281:Infinity": 88,
        "f:277:29:277:38": 20,
        "s:278:24:278:Infinity": 89,
        "s:279:24:279:67": 90,
        "b:280:14:280:Infinity:undefined:undefined:undefined:undefined": 39,
        "s:280:14:280:Infinity": 91,
        "s:280:21:280:Infinity": 92,
        "s:284:8:284:Infinity": 93,
        "s:287:6:309:Infinity": 94,
        "b:291:20:291:Infinity:292:10:292:Infinity:293:10:293:Infinity:294:10:294:Infinity": 40,
        "b:295:20:295:Infinity:296:10:296:Infinity:297:10:297:Infinity": 41,
        "b:299:12:300:Infinity:301:26:301:Infinity": 42,
        "s:313:22:313:Infinity": 95,
        "s:314:20:314:Infinity": 96,
        "b:315:4:318:Infinity:undefined:undefined:undefined:undefined": 43,
        "s:315:4:318:Infinity": 97,
        "b:315:8:315:29:315:29:315:79": 44,
        "s:316:6:318:Infinity": 98,
        "f:316:69:316:Infinity": 21,
        "s:317:24:317:66": 99,
        "s:321:4:379:Infinity": 100,
        "f:321:12:321:21": 22,
        "s:322:18:322:Infinity": 101,
        "b:323:6:323:Infinity:undefined:undefined:undefined:undefined": 45,
        "s:323:6:323:Infinity": 102,
        "b:323:10:323:18:323:18:323:51": 46,
        "s:323:51:323:Infinity": 103,
        "s:324:6:378:Infinity": 104,
        "f:324:50:324:59": 23,
        "s:325:19:325:Infinity": 105,
        "s:326:23:327:Infinity": 106,
        "b:327:11:327:33:327:33:327:Infinity": 47,
        "b:329:8:329:Infinity:undefined:undefined:undefined:undefined": 48,
        "s:329:8:329:Infinity": 107,
        "s:329:20:329:Infinity": 108,
        "s:331:8:352:Infinity": 109,
        "f:331:31:331:40": 24,
        "s:332:22:332:Infinity": 110,
        "s:333:26:333:67": 111,
        "b:334:10:334:Infinity:undefined:undefined:undefined:undefined": 49,
        "s:334:10:334:Infinity": 112,
        "s:334:24:334:Infinity": 113,
        "b:335:10:335:Infinity:undefined:undefined:undefined:undefined": 50,
        "s:335:10:335:Infinity": 114,
        "s:335:47:335:Infinity": 115,
        "s:336:23:336:Infinity": 116,
        "s:339:27:339:Infinity": 117,
        "b:339:27:339:50:339:50:339:Infinity": 51,
        "s:342:10:351:Infinity": 118,
        "b:345:38:345:69:345:69:345:79": 52,
        "b:347:19:347:36:347:36:347:Infinity": 53,
        "b:349:31:349:55:349:58:349:Infinity": 54,
        "s:353:8:377:Infinity": 119,
        "f:353:43:353:52": 25,
        "s:354:21:354:Infinity": 120,
        "s:355:25:355:65": 121,
        "s:356:23:356:Infinity": 122,
        "s:359:27:359:Infinity": 123,
        "b:359:27:359:50:359:50:359:Infinity": 55,
        "b:362:10:375:Infinity:undefined:undefined:undefined:undefined": 56,
        "s:362:10:375:Infinity": 124,
        "b:363:12:363:Infinity:undefined:undefined:undefined:undefined": 57,
        "s:363:12:363:Infinity": 125,
        "s:363:48:363:Infinity": 126,
        "s:364:12:375:Infinity": 127,
        "b:368:17:368:47:368:47:368:Infinity": 58,
        "b:371:21:371:37:371:37:371:Infinity": 59,
        "b:372:21:372:60:372:64:372:Infinity": 60,
        "b:374:33:374:57:374:60:374:Infinity": 61,
        "s:381:19:381:33": 128,
        "b:381:19:381:31:381:31:381:33": 62,
        "s:382:23:382:Infinity": 129,
        "s:383:22:383:Infinity": 130,
        "s:384:34:395:Infinity": 131,
        "f:388:9:388:14": 26,
        "s:389:20:389:Infinity": 132,
        "s:390:10:390:Infinity": 133,
        "f:392:9:392:17": 27,
        "s:392:40:392:51": 134,
        "b:394:23:394:59:394:59:394:61": 63,
        "s:397:4:404:Infinity": 135,
        "b:399:32:399:62:399:62:399:72": 64,
        "s:408:21:432:Infinity": 136,
        "b:410:9:410:Infinity:411:8:411:10": 65,
        "f:412:4:412:9": 28,
        "s:413:15:413:Infinity": 137,
        "s:414:20:414:37": 138,
        "s:415:10:425:Infinity": 139,
        "f:415:10:415:21": 29,
        "s:416:6:425:Infinity": 140,
        "f:416:25:416:34": 30,
        "s:417:18:417:Infinity": 141,
        "b:418:8:418:Infinity:undefined:undefined:undefined:undefined": 66,
        "s:418:8:418:Infinity": 142,
        "s:418:25:418:Infinity": 143,
        "b:420:8:420:Infinity:undefined:undefined:undefined:undefined": 67,
        "s:420:8:420:Infinity": 144,
        "s:420:20:420:Infinity": 145,
        "b:421:8:423:Infinity:undefined:undefined:undefined:undefined": 68,
        "s:421:8:423:Infinity": 146,
        "s:422:21:422:Infinity": 147,
        "b:423:10:423:Infinity:undefined:undefined:undefined:undefined": 69,
        "s:423:10:423:Infinity": 148,
        "s:423:23:423:Infinity": 149,
        "s:427:4:427:Infinity": 150,
        "s:428:4:431:Infinity": 151,
        "s:434:2:434:Infinity": 152
      }
    }
  }
}
